app/build/outputs/logs/manifest-merger-debug-report.txt
-- Merging decision tree log ---
manifest
ADDED from src/main/AndroidManifest.xml:2:1-23:12
INJECTED from src/main/AndroidManifest.xml:2:1-23:12
INJECTED from src/main/AndroidManifest.xml:2:1-23:12
	package
		ADDED from src/main/AndroidManifest.xml:3:11-39
		INJECTED from src/main/AndroidManifest.xml
		INJECTED from src/main/AndroidManifest.xml
	xmlns:android
		ADDED from src/main/AndroidManifest.xml:2:11-69
uses-feature#0x00020000
ADDED from src/main/AndroidManifest.xml:4:3-51
	android:glEsVersion
		ADDED from src/main/AndroidManifest.xml:4:17-49
uses-permission#android.permission.READ_EXTERNAL_STORAGE
ADDED from src/main/AndroidManifest.xml:6:3-77
	android:name
		ADDED from src/main/AndroidManifest.xml:6:20-75
application
ADDED from src/main/AndroidManifest.xml:8:3-22:17
	android:label
		ADDED from src/main/AndroidManifest.xml:12:7-46
	android:fullBackupContent
		ADDED from src/main/AndroidManifest.xml:10:7-40
	android:icon
		ADDED from src/main/AndroidManifest.xml:11:7-41
	android:allowBackup
		ADDED from src/main/AndroidManifest.xml:9:7-34
activity#com.android.gl2jni.GL2JNIActivity
ADDED from src/main/AndroidManifest.xml:13:5-21:16
	android:launchMode
		ADDED from src/main/AndroidManifest.xml:15:15-46
	android:configChanges
		ADDED from src/main/AndroidManifest.xml:16:15-65
	android:theme
		ADDED from src/main/AndroidManifest.xml:14:15-73
	android:name
		ADDED from src/main/AndroidManifest.xml:13:15-44
intent-filter#action:name:android.intent.action.MAIN+category:name:android.intent.category.LAUNCHER
ADDED from src/main/AndroidManifest.xml:17:7-20:23
action#android.intent.action.MAIN
ADDED from src/main/AndroidManifest.xml:18:9-61
	android:name
		ADDED from src/main/AndroidManifest.xml:18:17-58
category#android.intent.category.LAUNCHER
ADDED from src/main/AndroidManifest.xml:19:9-69
	android:name
		ADDED from src/main/AndroidManifest.xml:19:19-66
uses-sdk
INJECTED from src/main/AndroidManifest.xml reason: use-sdk injection requested
INJECTED from src/main/AndroidManifest.xml
INJECTED from src/main/AndroidManifest.xml
INJECTED from src/main/AndroidManifest.xml
INJECTED from src/main/AndroidManifest.xml
	android:targetSdkVersion
		INJECTED from src/main/AndroidManifest.xml
		ADDED from src/main/AndroidManifest.xml
		INJECTED from src/main/AndroidManifest.xml
	android:minSdkVersion
		INJECTED from src/main/AndroidManifest.xml
		ADDED from src/main/AndroidManifest.xml
		INJECTED from src/main/AndroidManifest.xml